This is pdfTeX, Version 3.141592653-2.6-1.40.26 (MiKTeX 24.3.31) (preloaded format=pdflatex 2024.4.9)  23 SEP 2024 19:17
entering extended mode
 restricted \write18 enabled.
 file:line:error style messages enabled.
 %&-line parsing enabled.
**c:/Users/hp/Desktop/CS108/Project/cs108_project/reportCard.tex
(c:/Users/hp/Desktop/CS108/Project/cs108_project/reportCard.tex
LaTeX2e <2023-11-01> patch level 1
L3 programming layer <2024-03-14>
(C:\Users\hp\AppData\Local\Programs\MiKTeX\tex/latex/base\article.cls
Document Class: article 2023/05/17 v1.4n Standard LaTeX document class
(C:\Users\hp\AppData\Local\Programs\MiKTeX\tex/latex/base\size12.clo
File: size12.clo 2023/05/17 v1.4n Standard LaTeX file (size option)
)
\c@part=\count188
\c@section=\count189
\c@subsection=\count190
\c@subsubsection=\count191
\c@paragraph=\count192
\c@subparagraph=\count193
\c@figure=\count194
\c@table=\count195
\abovecaptionskip=\skip48
\belowcaptionskip=\skip49
\bibindent=\dimen140
) (C:\Users\hp\AppData\Local\Programs\MiKTeX\tex/latex/graphics\graphicx.sty
Package: graphicx 2021/09/16 v1.2d Enhanced LaTeX Graphics (DPC,SPQR)
 (C:\Users\hp\AppData\Local\Programs\MiKTeX\tex/latex/graphics\keyval.sty
Package: keyval 2022/05/29 v1.15 key=value parser (DPC)
\KV@toks@=\toks17
) (C:\Users\hp\AppData\Local\Programs\MiKTeX\tex/latex/graphics\graphics.sty
Package: graphics 2022/03/10 v1.4e Standard LaTeX Graphics (DPC,SPQR)
 (C:\Users\hp\AppData\Local\Programs\MiKTeX\tex/latex/graphics\trig.sty
Package: trig 2021/08/11 v1.11 sin cos tan (DPC)
) (C:\Users\hp\AppData\Local\Programs\MiKTeX\tex/latex/graphics-cfg\graphics.cfg
File: graphics.cfg 2016/06/04 v1.11 sample graphics configuration
)
Package graphics Info: Driver file: pdftex.def on input line 107.
 (C:\Users\hp\AppData\Local\Programs\MiKTeX\tex/latex/graphics-def\pdftex.def
File: pdftex.def 2022/09/22 v1.2b Graphics/color driver for pdftex
))
\Gin@req@height=\dimen141
\Gin@req@width=\dimen142
) (C:\Users\hp\AppData\Local\Programs\MiKTeX\tex/latex/tools\longtable.sty
Package: longtable 2023-11-01 v4.19 Multi-page Table package (DPC)
\LTleft=\skip50
\LTright=\skip51
\LTpre=\skip52
\LTpost=\skip53
\LTchunksize=\count196
\LTcapwidth=\dimen143
\LT@head=\box51
\LT@firsthead=\box52
\LT@foot=\box53
\LT@lastfoot=\box54
\LT@gbox=\box55
\LT@cols=\count197
\LT@rows=\count198
\c@LT@tables=\count199
\c@LT@chunks=\count266
\LT@p@ftn=\toks18
) (C:\Users\hp\AppData\Local\Programs\MiKTeX\tex/latex/multirow\multirow.sty
Package: multirow 2021/03/15 v2.8 Span multiple rows of a table
\multirow@colwidth=\skip54
\multirow@cntb=\count267
\multirow@dima=\skip55
\bigstrutjot=\dimen144
) (C:\Users\hp\AppData\Local\Programs\MiKTeX\tex/latex/wrapfig\wrapfig.sty
\wrapoverhang=\dimen145
\WF@size=\dimen146
\c@WF@wrappedlines=\count268
\WF@box=\box56
\WF@everypar=\toks19
Package: wrapfig 2003/01/31  v 3.6
) (C:\Users\hp\AppData\Local\Programs\MiKTeX\tex/latex/fancyhdr\fancyhdr.sty
Package: fancyhdr 2022/11/09 v4.1 Extensive control of page headers and footers
\f@nch@headwidth=\skip56
\f@nch@O@elh=\skip57
\f@nch@O@erh=\skip58
\f@nch@O@olh=\skip59
\f@nch@O@orh=\skip60
\f@nch@O@elf=\skip61
\f@nch@O@erf=\skip62
\f@nch@O@olf=\skip63
\f@nch@O@orf=\skip64
) (C:\Users\hp\AppData\Local\Programs\MiKTeX\tex/latex/csvsimple\csvsimple.sty
Package: csvsimple 2024/01/19 v2.6.0 LaTeX CSV file processing
) (C:\Users\hp\AppData\Local\Programs\MiKTeX\tex/latex/csvsimple\csvsimple-l3.sty
Package: csvsimple-l3 2024/01/19 v2.6.0 LaTeX3 CSV file processing
\g__csvsim_col_int=\count269
\g__csvsim_colmax_int=\count270
\g_csvsim_columncount_int=\count271
\g_csvsim_inputline_int=\count272
\g_csvsim_row_int=\count273
\l__csvsim_tmpa_int=\count274
\l__csvsim_tmpb_int=\count275
) (C:\Users\hp\AppData\Local\Programs\MiKTeX\tex/latex/subfig\subfig.sty
Package: subfig 2005/06/28 ver: 1.3 subfig package
 (C:\Users\hp\AppData\Local\Programs\MiKTeX\tex/latex/caption\caption.sty
Package: caption 2023/08/05 v3.6o Customizing captions (AR)
 (C:\Users\hp\AppData\Local\Programs\MiKTeX\tex/latex/caption\caption3.sty
Package: caption3 2023/07/31 v2.4d caption3 kernel (AR)
\caption@tempdima=\dimen147
\captionmargin=\dimen148
\caption@leftmargin=\dimen149
\caption@rightmargin=\dimen150
\caption@width=\dimen151
\caption@indent=\dimen152
\caption@parindent=\dimen153
\caption@hangindent=\dimen154
Package caption Info: Standard document class detected.
)
\c@caption@flags=\count276
\c@continuedfloat=\count277
Package caption Info: longtable package is loaded.
 (C:\Users\hp\AppData\Local\Programs\MiKTeX\tex/latex/caption\ltcaption.sty
Package: ltcaption 2021/01/08 v1.4c longtable captions (AR)
)
Package caption Info: wrapfig package is loaded.
)
\c@KVtest=\count278
\sf@farskip=\skip65
\sf@captopadj=\dimen155
\sf@capskip=\skip66
\sf@nearskip=\skip67
\c@subfigure=\count279
\c@subfigure@save=\count280
\c@lofdepth=\count281
\c@subtable=\count282
\c@subtable@save=\count283
\c@lotdepth=\count284
\sf@top=\skip68
\sf@bottom=\skip69
) (C:\Users\hp\AppData\Local\Programs\MiKTeX\tex/latex/l3backend\l3backend-pdftex.def
File: l3backend-pdftex.def 2024-03-14 L3 backend support: PDF output (pdfTeX)
\l__color_backend_stack_int=\count285
\l__pdf_internal_box=\box57
) (reportCard.aux)
\openout1 = `reportCard.aux'.

LaTeX Font Info:    Checking defaults for OML/cmm/m/it on input line 18.
LaTeX Font Info:    ... okay on input line 18.
LaTeX Font Info:    Checking defaults for OMS/cmsy/m/n on input line 18.
LaTeX Font Info:    ... okay on input line 18.
LaTeX Font Info:    Checking defaults for OT1/cmr/m/n on input line 18.
LaTeX Font Info:    ... okay on input line 18.
LaTeX Font Info:    Checking defaults for T1/cmr/m/n on input line 18.
LaTeX Font Info:    ... okay on input line 18.
LaTeX Font Info:    Checking defaults for TS1/cmr/m/n on input line 18.
LaTeX Font Info:    ... okay on input line 18.
LaTeX Font Info:    Checking defaults for OMX/cmex/m/n on input line 18.
LaTeX Font Info:    ... okay on input line 18.
LaTeX Font Info:    Checking defaults for U/cmr/m/n on input line 18.
LaTeX Font Info:    ... okay on input line 18.
 (C:\Users\hp\AppData\Local\Programs\MiKTeX\tex/context/base/mkii\supp-pdf.mkii
[Loading MPS to PDF converter (version 2006.09.02).]
\scratchcounter=\count286
\scratchdimen=\dimen156
\scratchbox=\box58
\nofMPsegments=\count287
\nofMParguments=\count288
\everyMPshowfont=\toks20
\MPscratchCnt=\count289
\MPscratchDim=\dimen157
\MPnumerator=\count290
\makeMPintoPDFobject=\count291
\everyMPtoPDFconversion=\toks21
) (C:\Users\hp\AppData\Local\Programs\MiKTeX\tex/latex/epstopdf-pkg\epstopdf-base.sty
Package: epstopdf-base 2020-01-24 v2.11 Base part for package epstopdf
Package epstopdf-base Info: Redefining graphics rule for `.eps' on input line 485.
 (C:\Users\hp\AppData\Local\Programs\MiKTeX\tex/latex/00miktex\epstopdf-sys.cfg
File: epstopdf-sys.cfg 2021/03/18 v2.0 Configuration of epstopdf for MiKTeX
))
Package caption Info: Begin \AtBeginDocument code.
Package caption Info: subfig package v1.3 is loaded.
Package caption Info: End \AtBeginDocument code.
LaTeX Font Info:    External font `cmex10' loaded for size
(Font)              <12> on input line 22.
LaTeX Font Info:    External font `cmex10' loaded for size
(Font)              <8> on input line 22.
LaTeX Font Info:    External font `cmex10' loaded for size
(Font)              <6> on input line 22.


c:/Users/hp/Desktop/CS108/Project/cs108_project/reportCard.tex:28: LaTeX Error: File 'student.csv' not found.

For immediate help type H <return>.
 ...                                              
                                                  
l.28   }{}{\csvcoli}
                     \\

The requested file could not be found in the current directory, in the TeX
search path or in the LaTeX search path.



c:/Users/hp/Desktop/CS108/Project/cs108_project/reportCard.tex:28: Package csvsimple Error: File 'student.csv' not existent, not readable, or
(csvsimple)                empty!

Type <return> to continue.
 ...                                              
                                                  
l.28   }{}{\csvcoli}
                     \\

LaTeX does not know anything more about this error, sorry.

Try typing <return> to proceed.
If that doesn't work, type X <return> to quit.


c:/Users/hp/Desktop/CS108/Project/cs108_project/reportCard.tex:28: Undefined control sequence.
<argument> \csvline 
                    
l.28   }{}{\csvcoli}
                     \\
The control sequence at the end of the top line
of your error message was never \def'ed. If you have
misspelled it (e.g., `\hobx'), type `I' and the correct
spelling (e.g., `I\hbox'). Otherwise just continue,
and I'll forget about whatever was undefined.


c:/Users/hp/Desktop/CS108/Project/cs108_project/reportCard.tex:30: LaTeX Error: File 'student.csv' not found.

For immediate help type H <return>.
 ...                                              
                                                  
l.30 ...der[tabular = c]{student.csv}{}{\csvcolii}
                                                   \\

The requested file could not be found in the current directory, in the TeX
search path or in the LaTeX search path.



c:/Users/hp/Desktop/CS108/Project/cs108_project/reportCard.tex:30: Package csvsimple Error: File 'student.csv' not existent, not readable, or
(csvsimple)                empty!

Type <return> to continue.
 ...                                              
                                                  
l.30 ...der[tabular = c]{student.csv}{}{\csvcolii}
                                                   \\

LaTeX does not know anything more about this error, sorry.

Try typing <return> to proceed.
If that doesn't work, type X <return> to quit.


c:/Users/hp/Desktop/CS108/Project/cs108_project/reportCard.tex:30: Undefined control sequence.
<argument> \csvline 
                    
l.30 ...der[tabular = c]{student.csv}{}{\csvcolii}
                                                   \\
The control sequence at the end of the top line
of your error message was never \def'ed. If you have
misspelled it (e.g., `\hobx'), type `I' and the correct
spelling (e.g., `I\hbox'). Otherwise just continue,
and I'll forget about whatever was undefined.


c:/Users/hp/Desktop/CS108/Project/cs108_project/reportCard.tex:40: LaTeX Error: File 'student.csv' not found.

For immediate help type H <return>.
 ...                                              
                                                  
l.40  \csvautotabular{student.csv}
                                  

The requested file could not be found in the current directory, in the TeX
search path or in the LaTeX search path.



c:/Users/hp/Desktop/CS108/Project/cs108_project/reportCard.tex:40: Package csvsimple Error: File 'student.csv' not existent, not readable, or
(csvsimple)                empty!

Type <return> to continue.
 ...                                              
                                                  
l.40  \csvautotabular{student.csv}
                                  

LaTeX does not know anything more about this error, sorry.

Try typing <return> to proceed.
If that doesn't work, type X <return> to quit.


c:/Users/hp/Desktop/CS108/Project/cs108_project/reportCard.tex:40: Undefined control sequence.
<argument> \csvline 
                    
l.40  \csvautotabular{student.csv}
                                  
The control sequence at the end of the top line
of your error message was never \def'ed. If you have
misspelled it (e.g., `\hobx'), type `I' and the correct
spelling (e.g., `I\hbox'). Otherwise just continue,
and I'll forget about whatever was undefined.


c:/Users/hp/Desktop/CS108/Project/cs108_project/reportCard.tex:42: LaTeX Error: Something's wrong--perhaps a missing \item.

See the LaTeX manual or LaTeX Companion for explanation.
Type  H <return>  for immediate help.
 ...                                              
                                                  
l.42 \section
             *{Statistics}
Try typing  <return>  to proceed.
If that doesn't work, type  X <return>  to quit.


c:/Users/hp/Desktop/CS108/Project/cs108_project/reportCard.tex:42: LaTeX Error: Something's wrong--perhaps a missing \item.

See the LaTeX manual or LaTeX Companion for explanation.
Type  H <return>  for immediate help.
 ...                                              
                                                  
l.42 \section
             *{Statistics}
Try typing  <return>  to proceed.
If that doesn't work, type  X <return>  to quit.

c:/Users/hp/Desktop/CS108/Project/cs108_project/reportCard.tex:42: Missing } inserted.
<inserted text> 
                }
l.42 \section*{Statistics}
                          
I've inserted something that you may have forgotten.
(See the <inserted text> above.)
With luck, this will get me unwedged. But if you
really didn't forget anything, try typing `2' now; then
my insertion and my current dilemma will both disappear.

c:/Users/hp/Desktop/CS108/Project/cs108_project/reportCard.tex:42: Missing } inserted.
<inserted text> 
                }
l.42 \section*{Statistics}
                          
I've inserted something that you may have forgotten.
(See the <inserted text> above.)
With luck, this will get me unwedged. But if you
really didn't forget anything, try typing `2' now; then
my insertion and my current dilemma will both disappear.

c:/Users/hp/Desktop/CS108/Project/cs108_project/reportCard.tex:42: Missing \cr inserted.
<inserted text> 
                \cr 
l.42 \section*{Statistics}
                          
I'm guessing that you meant to end an alignment here.

c:/Users/hp/Desktop/CS108/Project/cs108_project/reportCard.tex:42: Missing { inserted.
<inserted text> 
                {
l.42 \section*{Statistics}
                          
I've put in what seems to be necessary to fix
the current column of the current alignment.
Try to go on, since this might almost work.


c:/Users/hp/Desktop/CS108/Project/cs108_project/reportCard.tex:43: LaTeX Error: File 'stats.csv' not found.

For immediate help type H <return>.
 ...                                              
                                                  
l.43 \csvautotabular{stats.csv}
                               

The requested file could not be found in the current directory, in the TeX
search path or in the LaTeX search path.



c:/Users/hp/Desktop/CS108/Project/cs108_project/reportCard.tex:43: Package csvsimple Error: File 'stats.csv' not existent, not readable, or
(csvsimple)                empty!

Type <return> to continue.
 ...                                              
                                                  
l.43 \csvautotabular{stats.csv}
                               

LaTeX does not know anything more about this error, sorry.

Try typing <return> to proceed.
If that doesn't work, type X <return> to quit.


c:/Users/hp/Desktop/CS108/Project/cs108_project/reportCard.tex:43: Undefined control sequence.
<argument> \csvline 
                    
l.43 \csvautotabular{stats.csv}
                               
The control sequence at the end of the top line
of your error message was never \def'ed. If you have
misspelled it (e.g., `\hobx'), type `I' and the correct
spelling (e.g., `I\hbox'). Otherwise just continue,
and I'll forget about whatever was undefined.


c:/Users/hp/Desktop/CS108/Project/cs108_project/reportCard.tex:46: LaTeX Error: Something's wrong--perhaps a missing \item.

See the LaTeX manual or LaTeX Companion for explanation.
Type  H <return>  for immediate help.
 ...                                              
                                                  
l.46 \section
             *{Performance Analysis}
Try typing  <return>  to proceed.
If that doesn't work, type  X <return>  to quit.


c:/Users/hp/Desktop/CS108/Project/cs108_project/reportCard.tex:46: LaTeX Error: Something's wrong--perhaps a missing \item.

See the LaTeX manual or LaTeX Companion for explanation.
Type  H <return>  for immediate help.
 ...                                              
                                                  
l.46 \section
             *{Performance Analysis}
Try typing  <return>  to proceed.
If that doesn't work, type  X <return>  to quit.

c:/Users/hp/Desktop/CS108/Project/cs108_project/reportCard.tex:46: Missing } inserted.
<inserted text> 
                }
l.46 \section*{Performance Analysis}
                                    
I've inserted something that you may have forgotten.
(See the <inserted text> above.)
With luck, this will get me unwedged. But if you
really didn't forget anything, try typing `2' now; then
my insertion and my current dilemma will both disappear.

c:/Users/hp/Desktop/CS108/Project/cs108_project/reportCard.tex:46: Missing } inserted.
<inserted text> 
                }
l.46 \section*{Performance Analysis}
                                    
I've inserted something that you may have forgotten.
(See the <inserted text> above.)
With luck, this will get me unwedged. But if you
really didn't forget anything, try typing `2' now; then
my insertion and my current dilemma will both disappear.

c:/Users/hp/Desktop/CS108/Project/cs108_project/reportCard.tex:46: Missing \cr inserted.
<inserted text> 
                \cr 
l.46 \section*{Performance Analysis}
                                    
I'm guessing that you meant to end an alignment here.

c:/Users/hp/Desktop/CS108/Project/cs108_project/reportCard.tex:46: Missing { inserted.
<inserted text> 
                {
l.46 \section*{Performance Analysis}
                                    
I've put in what seems to be necessary to fix
the current column of the current alignment.
Try to go on, since this might almost work.


c:/Users/hp/Desktop/CS108/Project/cs108_project/reportCard.tex:47: LaTeX Error: Not in outer par mode.

See the LaTeX manual or LaTeX Companion for explanation.
Type  H <return>  for immediate help.
 ...                                              
                                                  
l.47 \begin{figure}[bh]
                       
You've lost some text.  Try typing  <return>  to proceed.
If that doesn't work, type  X <return>  to quit.

c:/Users/hp/Desktop/CS108/Project/cs108_project/reportCard.tex:47: Undefined control sequence.
\caption@ORI@xfloat ... \global \setbox \@currbox 
                                                  \color@vbox \normalcolor \...
l.47 \begin{figure}[bh]
                       
The control sequence at the end of the top line
of your error message was never \def'ed. If you have
misspelled it (e.g., `\hobx'), type `I' and the correct
spelling (e.g., `I\hbox'). Otherwise just continue,
and I'll forget about whatever was undefined.

c:/Users/hp/Desktop/CS108/Project/cs108_project/reportCard.tex:47: Missing number, treated as zero.
<to be read again> 
                   \vbox 
l.47 \begin{figure}[bh]
                       
A number should have been here; I inserted `0'.
(If you can't figure out why I needed to see a number,
look up `weird error' in the index to The TeXbook.)

<barGraph.png, id=1, 578.16pt x 433.62pt>
File: barGraph.png Graphic file (type png)
<use barGraph.png>
Package pdftex.def Info: barGraph.png  used on input line 49.
(pdftex.def)             Requested size: 272.99881pt x 204.74759pt.

c:/Users/hp/Desktop/CS108/Project/cs108_project/reportCard.tex:55: LaTeX Error: Not in outer par mode.

See the LaTeX manual or LaTeX Companion for explanation.
Type  H <return>  for immediate help.
 ...                                              
                                                  
l.55 \begin{figure}[th]
                       
You've lost some text.  Try typing  <return>  to proceed.
If that doesn't work, type  X <return>  to quit.

c:/Users/hp/Desktop/CS108/Project/cs108_project/reportCard.tex:55: Undefined control sequence.
\caption@ORI@xfloat ... \global \setbox \@currbox 
                                                  \color@vbox \normalcolor \...
l.55 \begin{figure}[th]
                       
The control sequence at the end of the top line
of your error message was never \def'ed. If you have
misspelled it (e.g., `\hobx'), type `I' and the correct
spelling (e.g., `I\hbox'). Otherwise just continue,
and I'll forget about whatever was undefined.

c:/Users/hp/Desktop/CS108/Project/cs108_project/reportCard.tex:55: Missing number, treated as zero.
<to be read again> 
                   \vbox 
l.55 \begin{figure}[th]
                       
A number should have been here; I inserted `0'.
(If you can't figure out why I needed to see a number,
look up `weird error' in the index to The TeXbook.)

<lineGraph.png, id=3, 578.16pt x 433.62pt>
File: lineGraph.png Graphic file (type png)
<use lineGraph.png>
Package pdftex.def Info: lineGraph.png  used on input line 57.
(pdftex.def)             Requested size: 272.99881pt x 204.74759pt.

! LaTeX Error: File `gradeStudent.txt' not found.

Type X to quit or <RETURN> to proceed,
or enter new name. (Default extension: txt)

Enter file name: 
c:/Users/hp/Desktop/CS108/Project/cs108_project/reportCard.tex:62: Emergency stop.
<read *> 
         
l.62 ...bject is \textbf{\input{gradeStudent.txt}}
                                                  }^^M
*** (cannot \read from terminal in nonstop modes)

 
Here is how much of TeX's memory you used:
 3860 strings out of 474424
 73785 string characters out of 5743156
 1928496 words of memory out of 5000000
 26210 multiletter control sequences out of 15000+600000
 562065 words of font info for 49 fonts, out of 8000000 for 9000
 1141 hyphenation exceptions out of 8191
 69i,14n,79p,295b,524s stack positions out of 10000i,1000n,20000p,200000b,200000s
c:/Users/hp/Desktop/CS108/Project/cs108_project/reportCard.tex:62:  ==> Fatal error occurred, no output PDF file produced!
